2022-11-30 20:58:05,757:INFO:PyCaret Supervised Module
2022-11-30 20:58:05,767:INFO:ML Usecase: regression
2022-11-30 20:58:05,774:INFO:version 2.3.10
2022-11-30 20:58:05,774:INFO:Initializing setup()
2022-11-30 20:58:05,775:INFO:setup(target=, ml_usecase=regression, available_plots={'parameter': 'Hyperparameters', 'residuals': 'Residuals', 'error': 'Prediction Error', 'cooks': 'Cooks Distance', 'rfe': 'Feature Selection', 'learning': 'Learning Curve', 'manifold': 'Manifold Learning', 'vc': 'Validation Curve', 'feature': 'Feature Importance', 'feature_all': 'Feature Importance (All)', 'tree': 'Decision Tree', 'residuals_interactive': 'Interactive Residuals'}, train_size=0.7, test_data=None, preprocess=False, imputation_type=simple, iterative_imputation_iters=5, categorical_features=None, categorical_imputation=constant, categorical_iterative_imputer=lightgbm, ordinal_features=None, high_cardinality_features=None, high_cardinality_method=frequency, numeric_features=None, numeric_imputation=mean, numeric_iterative_imputer=lightgbm, date_features=None, ignore_features=None, normalize=False, normalize_method=zscore, transformation=False, transformation_method=yeo-johnson, handle_unknown_categorical=True, unknown_categorical_method=least_frequent, pca=False, pca_method=linear, pca_components=None, ignore_low_variance=False, combine_rare_levels=False, rare_level_threshold=0.1, bin_numeric_features=None, remove_outliers=False, outliers_threshold=0.05, remove_multicollinearity=False, multicollinearity_threshold=0.9, remove_perfect_collinearity=True, create_clusters=False, cluster_iter=20, polynomial_features=False, polynomial_degree=2, trigonometry_features=False, polynomial_threshold=0.1, group_features=None, group_names=None, feature_selection=False, feature_selection_threshold=0.8, feature_selection_method=classic, feature_interaction=False, feature_ratio=False, interaction_threshold=0.01, fix_imbalance=False, fix_imbalance_method=None, transform_target=False, transform_target_method=box-cox, data_split_shuffle=True, data_split_stratify=False, fold_strategy=kfold, fold=10, fold_shuffle=False, fold_groups=None, n_jobs=-1, use_gpu=True, custom_pipeline=None, html=True, session_id=42, log_experiment=False, experiment_name=None, experiment_custom_tags=None, log_plots=False, log_profile=False, log_data=False, silent=True, verbose=True, profile=False, profile_kwargs=None, display=None)
2022-11-30 20:58:05,775:INFO:Checking environment
2022-11-30 20:58:05,776:INFO:python_version: 3.8.10
2022-11-30 20:58:05,779:INFO:python_build: ('default', 'May 19 2021 13:12:57')
2022-11-30 20:58:05,779:INFO:machine: AMD64
2022-11-30 20:58:05,806:INFO:platform: Windows-10-10.0.19045-SP0
2022-11-30 20:58:05,817:WARNING:cannot find psutil installation. memory not traceable. Install psutil using pip to enable memory logging.
2022-11-30 20:58:05,818:INFO:Checking libraries
2022-11-30 20:58:05,818:INFO:pd==1.3.0
2022-11-30 20:58:05,820:INFO:numpy==1.19.5
2022-11-30 20:58:05,821:INFO:sklearn==0.23.2
2022-11-30 20:58:05,821:INFO:lightgbm==3.3.2
2022-11-30 20:58:05,834:WARNING:catboost not found
2022-11-30 20:58:05,851:WARNING:xgboost not found
2022-11-30 20:58:05,851:INFO:mlflow==1.25.1
2022-11-30 20:58:05,853:INFO:Checking Exceptions
2022-11-30 20:59:25,992:INFO:PyCaret Supervised Module
2022-11-30 20:59:25,994:INFO:ML Usecase: regression
2022-11-30 20:59:25,995:INFO:version 2.3.10
2022-11-30 20:59:25,995:INFO:Initializing setup()
2022-11-30 20:59:26,001:INFO:setup(target=, ml_usecase=regression, available_plots={'parameter': 'Hyperparameters', 'residuals': 'Residuals', 'error': 'Prediction Error', 'cooks': 'Cooks Distance', 'rfe': 'Feature Selection', 'learning': 'Learning Curve', 'manifold': 'Manifold Learning', 'vc': 'Validation Curve', 'feature': 'Feature Importance', 'feature_all': 'Feature Importance (All)', 'tree': 'Decision Tree', 'residuals_interactive': 'Interactive Residuals'}, train_size=0.7, test_data=None, preprocess=False, imputation_type=simple, iterative_imputation_iters=5, categorical_features=None, categorical_imputation=constant, categorical_iterative_imputer=lightgbm, ordinal_features=None, high_cardinality_features=None, high_cardinality_method=frequency, numeric_features=None, numeric_imputation=mean, numeric_iterative_imputer=lightgbm, date_features=None, ignore_features=None, normalize=False, normalize_method=zscore, transformation=False, transformation_method=yeo-johnson, handle_unknown_categorical=True, unknown_categorical_method=least_frequent, pca=False, pca_method=linear, pca_components=None, ignore_low_variance=False, combine_rare_levels=False, rare_level_threshold=0.1, bin_numeric_features=None, remove_outliers=False, outliers_threshold=0.05, remove_multicollinearity=False, multicollinearity_threshold=0.9, remove_perfect_collinearity=True, create_clusters=False, cluster_iter=20, polynomial_features=False, polynomial_degree=2, trigonometry_features=False, polynomial_threshold=0.1, group_features=None, group_names=None, feature_selection=False, feature_selection_threshold=0.8, feature_selection_method=classic, feature_interaction=False, feature_ratio=False, interaction_threshold=0.01, fix_imbalance=False, fix_imbalance_method=None, transform_target=False, transform_target_method=box-cox, data_split_shuffle=True, data_split_stratify=False, fold_strategy=kfold, fold=10, fold_shuffle=False, fold_groups=None, n_jobs=-1, use_gpu=True, custom_pipeline=None, html=True, session_id=42, log_experiment=False, experiment_name=None, experiment_custom_tags=None, log_plots=False, log_profile=False, log_data=False, silent=True, verbose=True, profile=False, profile_kwargs=None, display=None)
2022-11-30 20:59:26,002:INFO:Checking environment
2022-11-30 20:59:26,003:INFO:python_version: 3.8.10
2022-11-30 20:59:26,003:INFO:python_build: ('default', 'May 19 2021 13:12:57')
2022-11-30 20:59:26,003:INFO:machine: AMD64
2022-11-30 20:59:26,029:INFO:platform: Windows-10-10.0.19045-SP0
2022-11-30 20:59:26,039:WARNING:cannot find psutil installation. memory not traceable. Install psutil using pip to enable memory logging.
2022-11-30 20:59:26,039:INFO:Checking libraries
2022-11-30 20:59:26,039:INFO:pd==1.3.0
2022-11-30 20:59:26,039:INFO:numpy==1.19.5
2022-11-30 20:59:26,040:INFO:sklearn==0.23.2
2022-11-30 20:59:26,040:INFO:lightgbm==3.3.2
2022-11-30 20:59:26,047:WARNING:catboost not found
2022-11-30 20:59:26,054:WARNING:xgboost not found
2022-11-30 20:59:26,055:INFO:mlflow==1.25.1
2022-11-30 20:59:26,057:INFO:Checking Exceptions
2022-11-30 21:01:14,035:INFO:PyCaret Supervised Module
2022-11-30 21:01:14,036:INFO:ML Usecase: regression
2022-11-30 21:01:14,036:INFO:version 2.3.10
2022-11-30 21:01:14,036:INFO:Initializing setup()
2022-11-30 21:01:14,037:INFO:setup(target=, ml_usecase=regression, available_plots={'parameter': 'Hyperparameters', 'residuals': 'Residuals', 'error': 'Prediction Error', 'cooks': 'Cooks Distance', 'rfe': 'Feature Selection', 'learning': 'Learning Curve', 'manifold': 'Manifold Learning', 'vc': 'Validation Curve', 'feature': 'Feature Importance', 'feature_all': 'Feature Importance (All)', 'tree': 'Decision Tree', 'residuals_interactive': 'Interactive Residuals'}, train_size=0.7, test_data=None, preprocess=False, imputation_type=simple, iterative_imputation_iters=5, categorical_features=None, categorical_imputation=constant, categorical_iterative_imputer=lightgbm, ordinal_features=None, high_cardinality_features=None, high_cardinality_method=frequency, numeric_features=None, numeric_imputation=mean, numeric_iterative_imputer=lightgbm, date_features=None, ignore_features=None, normalize=False, normalize_method=zscore, transformation=False, transformation_method=yeo-johnson, handle_unknown_categorical=True, unknown_categorical_method=least_frequent, pca=False, pca_method=linear, pca_components=None, ignore_low_variance=False, combine_rare_levels=False, rare_level_threshold=0.1, bin_numeric_features=None, remove_outliers=False, outliers_threshold=0.05, remove_multicollinearity=False, multicollinearity_threshold=0.9, remove_perfect_collinearity=True, create_clusters=False, cluster_iter=20, polynomial_features=False, polynomial_degree=2, trigonometry_features=False, polynomial_threshold=0.1, group_features=None, group_names=None, feature_selection=False, feature_selection_threshold=0.8, feature_selection_method=classic, feature_interaction=False, feature_ratio=False, interaction_threshold=0.01, fix_imbalance=False, fix_imbalance_method=None, transform_target=False, transform_target_method=box-cox, data_split_shuffle=True, data_split_stratify=False, fold_strategy=kfold, fold=10, fold_shuffle=False, fold_groups=None, n_jobs=-1, use_gpu=True, custom_pipeline=None, html=True, session_id=42, log_experiment=False, experiment_name=None, experiment_custom_tags=None, log_plots=False, log_profile=False, log_data=False, silent=True, verbose=True, profile=False, profile_kwargs=None, display=None)
2022-11-30 21:01:14,037:INFO:Checking environment
2022-11-30 21:01:14,037:INFO:python_version: 3.8.10
2022-11-30 21:01:14,037:INFO:python_build: ('default', 'May 19 2021 13:12:57')
2022-11-30 21:01:14,037:INFO:machine: AMD64
2022-11-30 21:01:14,058:INFO:platform: Windows-10-10.0.19045-SP0
2022-11-30 21:01:14,060:WARNING:cannot find psutil installation. memory not traceable. Install psutil using pip to enable memory logging.
2022-11-30 21:01:14,060:INFO:Checking libraries
2022-11-30 21:01:14,060:INFO:pd==1.3.0
2022-11-30 21:01:14,060:INFO:numpy==1.19.5
2022-11-30 21:01:14,060:INFO:sklearn==0.23.2
2022-11-30 21:01:14,060:INFO:lightgbm==3.3.2
2022-11-30 21:01:14,064:WARNING:catboost not found
2022-11-30 21:01:14,066:WARNING:xgboost not found
2022-11-30 21:01:14,067:INFO:mlflow==1.25.1
2022-11-30 21:01:14,067:INFO:Checking Exceptions
